Log file open, 03/28/19 17:47:27
LogWindows: Failed to load 'aqProf.dll' (GetLastError=126)
LogWindows: File 'aqProf.dll' does not exist
LogWindows: Failed to load 'VtuneApi.dll' (GetLastError=126)
LogWindows: File 'VtuneApi.dll' does not exist
LogWindows: Failed to load 'VtuneApi32e.dll' (GetLastError=126)
LogWindows: File 'VtuneApi32e.dll' does not exist
LogConsoleResponse: Display: Failed to find resolution value strings in scalability ini. Falling back to default.
LogInit: Display: Running engine for game: WeaponComponent
LogPakFile: Registered encryption key '00000000000000000000000000000000': 0 pak files mounted, 0 remain pending
LogPlatformFile: Not using cached read wrapper
LogTaskGraph: Started task graph with 5 named threads and 23 total threads with 3 sets of task threads.
LogStats: Stats thread started at 0.287023
LogD3D11RHI: Loaded GFSDK_Aftermath_Lib.x64.dll
LogICUInternationalization: ICU TimeZone Detection - Raw Offset: +8:00, Platform Override: ''
LogPluginManager: Mounting plugin Paper2D
LogPluginManager: Mounting plugin AISupport
LogPluginManager: Mounting plugin LightPropagationVolume
LogPluginManager: Mounting plugin ActorLayerUtilities
LogPluginManager: Mounting plugin CLionSourceCodeAccess
LogPluginManager: Mounting plugin CodeLiteSourceCodeAccess
LogPluginManager: Mounting plugin GitSourceControl
LogPluginManager: Mounting plugin KDevelopSourceCodeAccess
LogPluginManager: Mounting plugin NullSourceCodeAccess
LogPluginManager: Mounting plugin PerforceSourceControl
LogPluginManager: Mounting plugin SubversionSourceControl
LogPluginManager: Mounting plugin UObjectPlugin
LogPluginManager: Mounting plugin VisualStudioCodeSourceCodeAccess
LogPluginManager: Mounting plugin VisualStudioSourceCodeAccess
LogPluginManager: Mounting plugin XCodeSourceCodeAccess
LogPluginManager: Mounting plugin AssetManagerEditor
LogPluginManager: Mounting plugin CryptoKeys
LogPluginManager: Mounting plugin DataValidation
LogPluginManager: Mounting plugin FacialAnimation
LogPluginManager: Mounting plugin GameplayTagsEditor
LogPluginManager: Mounting plugin MacGraphicsSwitching
LogPluginManager: Mounting plugin MeshEditor
LogPluginManager: Mounting plugin MobileLauncherProfileWizard
LogPluginManager: Mounting plugin PluginBrowser
LogPluginManager: Mounting plugin SpeedTreeImporter
LogPluginManager: Mounting plugin DatasmithContent
LogPluginManager: Mounting plugin VariantManagerContent
LogPluginManager: Mounting plugin AlembicImporter
LogPluginManager: Mounting plugin AppleImageUtils
LogPluginManager: Mounting plugin AppleVision
LogPluginManager: Mounting plugin BackChannel
LogPluginManager: Mounting plugin CharacterAI
LogPluginManager: Mounting plugin GeometryCache
LogPluginManager: Mounting plugin HTML5Networking
LogPluginManager: Mounting plugin ProxyLODPlugin
LogPluginManager: Mounting plugin MagicLeap
LogPluginManager: Mounting plugin MagicLeapMedia
LogPluginManager: Mounting plugin AndroidMedia
LogPluginManager: Mounting plugin AvfMedia
LogPluginManager: Mounting plugin ImgMedia
LogPluginManager: Mounting plugin LinearTimecode
LogPluginManager: Mounting plugin MediaCompositing
LogPluginManager: Mounting plugin MediaPlayerEditor
LogPluginManager: Mounting plugin WebMMedia
LogPluginManager: Mounting plugin WmfMedia
LogPluginManager: Mounting plugin TcpMessaging
LogPluginManager: Mounting plugin UdpMessaging
LogPluginManager: Mounting plugin ActorSequence
LogPluginManager: Mounting plugin LevelSequenceEditor
LogPluginManager: Mounting plugin MatineeToLevelSequence
LogPluginManager: Mounting plugin NetcodeUnitTest
LogPluginManager: Mounting plugin NUTUnrealEngine4
LogPluginManager: Mounting plugin OnlineSubsystemGooglePlay
LogPluginManager: Mounting plugin OnlineSubsystemIOS
LogPluginManager: Mounting plugin OnlineSubsystem
LogPluginManager: Mounting plugin OnlineSubsystemNull
LogPluginManager: Mounting plugin OnlineSubsystemUtils
LogPluginManager: Mounting plugin LauncherChunkInstaller
LogPluginManager: Mounting plugin AndroidDeviceProfileSelector
LogPluginManager: Mounting plugin AndroidMoviePlayer
LogPluginManager: Mounting plugin AndroidPermission
LogPluginManager: Mounting plugin AppleMoviePlayer
LogPluginManager: Mounting plugin ArchVisCharacter
LogPluginManager: Mounting plugin AudioCapture
LogPluginManager: Mounting plugin CableComponent
LogPluginManager: Mounting plugin CustomMeshComponent
LogPluginManager: Mounting plugin EditableMesh
LogPluginManager: Mounting plugin ExampleDeviceProfileSelector
LogPluginManager: Mounting plugin Firebase
LogPluginManager: Mounting plugin GoogleCloudMessaging
LogPluginManager: Mounting plugin IOSDeviceProfileSelector
LogPluginManager: Mounting plugin LinuxDeviceProfileSelector
LogPluginManager: Mounting plugin LocationServicesBPLibrary
LogPluginManager: Mounting plugin MobilePatchingUtils
LogPluginManager: Mounting plugin OculusVR
LogPluginManager: Mounting plugin PhysXVehicles
LogPluginManager: Mounting plugin ProceduralMeshComponent
LogPluginManager: Mounting plugin RuntimePhysXCooking
LogPluginManager: Mounting plugin SteamVR
LogPluginManager: Mounting plugin WebMMoviePlayer
LogPluginManager: Mounting plugin WindowsMoviePlayer
LogStreaming: Display: Took  0.063s to configure plugins.
LogInit: Using libcurl 7.55.1-DEV
LogInit:  - built for x86_64-pc-win32
LogInit:  - supports SSL with OpenSSL/1.0.2h
LogInit:  - supports HTTP deflate (compression) using libz 1.2.8
LogInit:  - other features:
LogInit:      CURL_VERSION_SSL
LogInit:      CURL_VERSION_LIBZ
LogInit:      CURL_VERSION_IPV6
LogInit:      CURL_VERSION_ASYNCHDNS
LogInit:      CURL_VERSION_LARGEFILE
LogInit:      CURL_VERSION_IDN
LogInit:  CurlRequestOptions (configurable via config and command line):
LogInit:  - bVerifyPeer = true  - Libcurl will verify peer certificate
LogInit:  - bUseHttpProxy = false  - Libcurl will NOT use HTTP proxy
LogInit:  - bDontReuseConnections = false  - Libcurl will reuse connections
LogInit:  - MaxHostConnections = 16  - Libcurl will limit the number of connections to a host
LogInit:  - LocalHostAddr = Default
LogInit:  - BufferSize = 65536
LogInit: WinSock: version 1.1 (2.2), MaxSocks=32767, MaxUdp=65467
LogInit: Build: ++UE4+Release-4.21-CL-4753647
LogInit: Engine Version: 4.21.2-4753647+++UE4+Release-4.21
LogInit: Compatible Engine Version: 4.21.0-4541578+++UE4+Release-4.21
LogInit: Net CL: 4541578
LogInit: OS: Windows 10 (), CPU: Intel(R) Core(TM) i7-6700 CPU @ 3.40GHz, GPU: NVIDIA GeForce GTX 1080
LogInit: Compiled (64-bit): Jan 19 2019 02:07:31
LogInit: Compiled with Visual C++: 19.13.26129.00
LogInit: Build Configuration: Development
LogInit: Branch Name: ++UE4+Release-4.21
LogInit: Command Line: 
LogInit: Base Directory: C:/Program Files/Epic Games/UE_4.21/Engine/Binaries/Win64/
LogInit: Installed Engine Build: 1
LogDevObjectVersion: Number of dev versions registered: 22
LogDevObjectVersion:   Dev-Blueprints (B0D832E4-1F89-4F0D-ACCF-7EB736FD4AA2): 10
LogDevObjectVersion:   Dev-Build (E1C64328-A22C-4D53-A36C-8E866417BD8C): 0
LogDevObjectVersion:   Dev-Core (375EC13C-06E4-48FB-B500-84F0262A717E): 2
LogDevObjectVersion:   Dev-Editor (E4B068ED-F494-42E9-A231-DA0B2E46BB41): 26
LogDevObjectVersion:   Dev-Framework (CFFC743F-43B0-4480-9391-14DF171D2073): 34
LogDevObjectVersion:   Dev-Mobile (B02B49B5-BB20-44E9-A304-32B752E40360): 2
LogDevObjectVersion:   Dev-Networking (A4E4105C-59A1-49B5-A7C5-40C4547EDFEE): 0
LogDevObjectVersion:   Dev-Online (39C831C9-5AE6-47DC-9A44-9C173E1C8E7C): 0
LogDevObjectVersion:   Dev-Physics (78F01B33-EBEA-4F98-B9B4-84EACCB95AA2): 0
LogDevObjectVersion:   Dev-Platform (6631380F-2D4D-43E0-8009-CF276956A95A): 0
LogDevObjectVersion:   Dev-Rendering (12F88B9F-8875-4AFC-A67C-D90C383ABD29): 27
LogDevObjectVersion:   Dev-Sequencer (7B5AE74C-D270-4C10-A958-57980B212A5A): 9
LogDevObjectVersion:   Dev-VR (D7296918-1DD6-4BDD-9DE2-64A83CC13884): 2
LogDevObjectVersion:   Dev-LoadTimes (C2A15278-BFE7-4AFE-6C17-90FF531DF755): 1
LogDevObjectVersion:   Private-Geometry (6EACA3D4-40EC-4CC1-B786-8BED09428FC5): 3
LogDevObjectVersion:   Dev-AnimPhys (29E575DD-E0A3-4627-9D10-D276232CDCEA): 17
LogDevObjectVersion:   Dev-Anim (AF43A65D-7FD3-4947-9873-3E8ED9C1BB05): 2
LogDevObjectVersion:   Dev-ReflectionCapture (6B266CEC-1EC7-4B8F-A30B-E4D90942FC07): 1
LogDevObjectVersion:   Dev-Automation (0DF73D61-A23F-47EA-B727-89E90C41499A): 1
LogDevObjectVersion:   FortniteMain (601D1886-AC64-4F84-AA16-D3DE0DEAC7D6): 17
LogDevObjectVersion:   Dev-Enterprise (9DFFBCD6-494F-0158-E221-12823C92A888): 4
LogDevObjectVersion:   Dev-Niagara (F2AED0AC-9AFE-416F-8664-AA7FFA26D6FC): 1
LogStreaming: Display: Took  0.000s to delete old logs.
LogInit: Presizing for max 8388607 objects, including 0 objects not considered by GC, pre-allocating 0 bytes for permanent pool.
LogInit: Object subsystem initialized
LogConfig: Setting CVar [[con.DebugEarlyDefault:1]]
LogConfig: Setting CVar [[r.setres:1280x720]]
[2019.03.28-09.47.27:350][  0]LogConfig: Setting CVar [[r.VSync:0]]
[2019.03.28-09.47.27:350][  0]LogConfig: Setting CVar [[r.RHICmdBypass:0]]
[2019.03.28-09.47.27:350][  0]LogConfig: Applying CVar settings from Section [/Script/Engine.RendererSettings] File [F:/Weapons/WeaponComponent/Saved/Config/Windows/Engine.ini]
[2019.03.28-09.47.27:350][  0]LogConfig: Setting CVar [[r.GPUCrashDebugging:0]]
[2019.03.28-09.47.27:350][  0]LogConfig: Applying CVar settings from Section [/Script/Engine.RendererOverrideSettings] File [F:/Weapons/WeaponComponent/Saved/Config/Windows/Engine.ini]
[2019.03.28-09.47.27:350][  0]LogConfig: Applying CVar settings from Section [/Script/Engine.StreamingSettings] File [F:/Weapons/WeaponComponent/Saved/Config/Windows/Engine.ini]
[2019.03.28-09.47.27:350][  0]LogConfig: Setting CVar [[s.MinBulkDataSizeForAsyncLoading:131072]]
[2019.03.28-09.47.27:350][  0]LogConfig: Setting CVar [[s.AsyncLoadingThreadEnabled:0]]
[2019.03.28-09.47.27:350][  0]LogConfig: Setting CVar [[s.EventDrivenLoaderEnabled:1]]
[2019.03.28-09.47.27:350][  0]LogConfig: Setting CVar [[s.WarnIfTimeLimitExceeded:0]]
[2019.03.28-09.47.27:350][  0]LogConfig: Setting CVar [[s.TimeLimitExceededMultiplier:1.5]]
[2019.03.28-09.47.27:350][  0]LogConfig: Setting CVar [[s.TimeLimitExceededMinTime:0.005]]
[2019.03.28-09.47.27:350][  0]LogConfig: Setting CVar [[s.UseBackgroundLevelStreaming:1]]
[2019.03.28-09.47.27:350][  0]LogConfig: Setting CVar [[s.PriorityAsyncLoadingExtraTime:15.0]]
[2019.03.28-09.47.27:350][  0]LogConfig: Setting CVar [[s.LevelStreamingActorsUpdateTimeLimit:5.0]]
[2019.03.28-09.47.27:350][  0]LogConfig: Setting CVar [[s.PriorityLevelStreamingActorsUpdateExtraTime:5.0]]
[2019.03.28-09.47.27:350][  0]LogConfig: Setting CVar [[s.LevelStreamingComponentsRegistrationGranularity:10]]
[2019.03.28-09.47.27:350][  0]LogConfig: Setting CVar [[s.UnregisterComponentsTimeLimit:1.0]]
[2019.03.28-09.47.27:351][  0]LogConfig: Setting CVar [[s.LevelStreamingComponentsUnregistrationGranularity:5]]
[2019.03.28-09.47.27:351][  0]LogConfig: Applying CVar settings from Section [/Script/Engine.GarbageCollectionSettings] File [F:/Weapons/WeaponComponent/Saved/Config/Windows/Engine.ini]
[2019.03.28-09.47.27:351][  0]LogConfig: Setting CVar [[gc.MaxObjectsNotConsideredByGC:1]]
[2019.03.28-09.47.27:351][  0]LogConfig: Setting CVar [[gc.SizeOfPermanentObjectPool:0]]
[2019.03.28-09.47.27:351][  0]LogConfig: Setting CVar [[gc.FlushStreamingOnGC:0]]
[2019.03.28-09.47.27:351][  0]LogConfig: Setting CVar [[gc.NumRetriesBeforeForcingGC:10]]
[2019.03.28-09.47.27:351][  0]LogConfig: Setting CVar [[gc.AllowParallelGC:1]]
[2019.03.28-09.47.27:351][  0]LogConfig: Setting CVar [[gc.TimeBetweenPurgingPendingKillObjects:61.1]]
[2019.03.28-09.47.27:351][  0]LogConfig: Setting CVar [[gc.MaxObjectsInEditor:8388607]]
[2019.03.28-09.47.27:351][  0]LogConfig: Setting CVar [[gc.IncrementalBeginDestroyEnabled:1]]
[2019.03.28-09.47.27:351][  0]LogConfig: Setting CVar [[gc.CreateGCClusters:1]]
[2019.03.28-09.47.27:351][  0]LogConfig: Setting CVar [[gc.MergeGCClusters:0]]
[2019.03.28-09.47.27:351][  0]LogConfig: Setting CVar [[gc.MinGCClusterSize:5]]
[2019.03.28-09.47.27:351][  0]LogConfig: Setting CVar [[gc.ActorClusteringEnabled:0]]
[2019.03.28-09.47.27:351][  0]LogConfig: Setting CVar [[gc.BlueprintClusteringEnabled:0]]
[2019.03.28-09.47.27:351][  0]LogConfig: Setting CVar [[gc.UseDisregardForGCOnDedicatedServers:0]]
[2019.03.28-09.47.27:351][  0]LogConfig: Applying CVar settings from Section [/Script/Engine.NetworkSettings] File [F:/Weapons/WeaponComponent/Saved/Config/Windows/Engine.ini]
[2019.03.28-09.47.27:351][  0]LogConfig: Applying CVar settings from Section [/Script/UnrealEd.CookerSettings] File [F:/Weapons/WeaponComponent/Saved/Config/Windows/Engine.ini]
[2019.03.28-09.47.27:356][  0]LogConfig: Applying CVar settings from Section [ViewDistanceQuality@3] File [F:/Weapons/WeaponComponent/Saved/Config/Windows/Scalability.ini]
[2019.03.28-09.47.27:356][  0]LogConfig: Setting CVar [[r.SkeletalMeshLODBias:0]]
[2019.03.28-09.47.27:356][  0]LogConfig: Setting CVar [[r.ViewDistanceScale:1.0]]
[2019.03.28-09.47.27:356][  0]LogConfig: Applying CVar settings from Section [AntiAliasingQuality@3] File [F:/Weapons/WeaponComponent/Saved/Config/Windows/Scalability.ini]
[2019.03.28-09.47.27:356][  0]LogConfig: Setting CVar [[r.PostProcessAAQuality:4]]
[2019.03.28-09.47.27:356][  0]LogConfig: Applying CVar settings from Section [ShadowQuality@3] File [F:/Weapons/WeaponComponent/Saved/Config/Windows/Scalability.ini]
[2019.03.28-09.47.27:356][  0]LogConfig: Setting CVar [[r.LightFunctionQuality:1]]
[2019.03.28-09.47.27:356][  0]LogConfig: Setting CVar [[r.ShadowQuality:5]]
[2019.03.28-09.47.27:356][  0]LogConfig: Setting CVar [[r.Shadow.CSM.MaxCascades:10]]
[2019.03.28-09.47.27:356][  0]LogConfig: Setting CVar [[r.Shadow.MaxResolution:2048]]
[2019.03.28-09.47.27:356][  0]LogConfig: Setting CVar [[r.Shadow.MaxCSMResolution:2048]]
[2019.03.28-09.47.27:356][  0]LogConfig: Setting CVar [[r.Shadow.RadiusThreshold:0.01]]
[2019.03.28-09.47.27:356][  0]LogConfig: Setting CVar [[r.Shadow.DistanceScale:1.0]]
[2019.03.28-09.47.27:356][  0]LogConfig: Setting CVar [[r.Shadow.CSM.TransitionScale:1.0]]
[2019.03.28-09.47.27:356][  0]LogConfig: Setting CVar [[r.Shadow.PreShadowResolutionFactor:1.0]]
[2019.03.28-09.47.27:356][  0]LogConfig: Setting CVar [[r.DistanceFieldShadowing:1]]
[2019.03.28-09.47.27:356][  0]LogConfig: Setting CVar [[r.DistanceFieldAO:1]]
[2019.03.28-09.47.27:356][  0]LogConfig: Setting CVar [[r.AOQuality:2]]
[2019.03.28-09.47.27:356][  0]LogConfig: Setting CVar [[r.VolumetricFog:1]]
[2019.03.28-09.47.27:357][  0]LogConfig: Setting CVar [[r.VolumetricFog.GridPixelSize:8]]
[2019.03.28-09.47.27:357][  0]LogConfig: Setting CVar [[r.VolumetricFog.GridSizeZ:128]]
[2019.03.28-09.47.27:357][  0]LogConfig: Setting CVar [[r.VolumetricFog.HistoryMissSupersampleCount:4]]
[2019.03.28-09.47.27:357][  0]LogConfig: Setting CVar [[r.LightMaxDrawDistanceScale:1]]
[2019.03.28-09.47.27:357][  0]LogConfig: Setting CVar [[r.CapsuleShadows:1]]
[2019.03.28-09.47.27:357][  0]LogConfig: Applying CVar settings from Section [PostProcessQuality@3] File [F:/Weapons/WeaponComponent/Saved/Config/Windows/Scalability.ini]
[2019.03.28-09.47.27:357][  0]LogConfig: Setting CVar [[r.MotionBlurQuality:4]]
[2019.03.28-09.47.27:357][  0]LogConfig: Setting CVar [[r.AmbientOcclusionMipLevelFactor:0.4]]
[2019.03.28-09.47.27:357][  0]LogConfig: Setting CVar [[r.AmbientOcclusionMaxQuality:100]]
[2019.03.28-09.47.27:357][  0]LogConfig: Setting CVar [[r.AmbientOcclusionLevels:-1]]
[2019.03.28-09.47.27:357][  0]LogConfig: Setting CVar [[r.AmbientOcclusionRadiusScale:1.0]]
[2019.03.28-09.47.27:357][  0]LogConfig: Setting CVar [[r.DepthOfFieldQuality:2]]
[2019.03.28-09.47.27:357][  0]LogConfig: Setting CVar [[r.RenderTargetPoolMin:400]]
[2019.03.28-09.47.27:357][  0]LogConfig: Setting CVar [[r.LensFlareQuality:2]]
[2019.03.28-09.47.27:357][  0]LogConfig: Setting CVar [[r.SceneColorFringeQuality:1]]
[2019.03.28-09.47.27:357][  0]LogConfig: Setting CVar [[r.EyeAdaptationQuality:2]]
[2019.03.28-09.47.27:357][  0]LogConfig: Setting CVar [[r.BloomQuality:5]]
[2019.03.28-09.47.27:357][  0]LogConfig: Setting CVar [[r.FastBlurThreshold:100]]
[2019.03.28-09.47.27:357][  0]LogConfig: Setting CVar [[r.Upscale.Quality:3]]
[2019.03.28-09.47.27:357][  0]LogConfig: Setting CVar [[r.Tonemapper.GrainQuantization:1]]
[2019.03.28-09.47.27:357][  0]LogConfig: Setting CVar [[r.LightShaftQuality:1]]
[2019.03.28-09.47.27:357][  0]LogConfig: Setting CVar [[r.Filter.SizeScale:1]]
[2019.03.28-09.47.27:357][  0]LogConfig: Setting CVar [[r.Tonemapper.Quality:5]]
[2019.03.28-09.47.27:357][  0]LogConfig: Setting CVar [[r.DOF.Gather.AccumulatorQuality:1        ; higher gathering accumulator quality]]
[2019.03.28-09.47.27:357][  0]LogConfig: Setting CVar [[r.DOF.Gather.PostfilterMethod:1          ; Median3x3 postfilering method]]
[2019.03.28-09.47.27:357][  0]LogConfig: Setting CVar [[r.DOF.Gather.EnableBokehSettings:0       ; no bokeh simulation when gathering]]
[2019.03.28-09.47.27:357][  0]LogConfig: Setting CVar [[r.DOF.Gather.RingCount:4                 ; medium number of samples when gathering]]
[2019.03.28-09.47.27:357][  0]LogConfig: Setting CVar [[r.DOF.Scatter.ForegroundCompositing:1    ; additive foreground scattering]]
[2019.03.28-09.47.27:357][  0]LogConfig: Setting CVar [[r.DOF.Scatter.BackgroundCompositing:2    ; additive background scattering]]
[2019.03.28-09.47.27:357][  0]LogConfig: Setting CVar [[r.DOF.Scatter.EnableBokehSettings:1      ; bokeh simulation when scattering]]
[2019.03.28-09.47.27:357][  0]LogConfig: Setting CVar [[r.DOF.Scatter.MaxSpriteRatio:0.1         ; only a maximum of 10% of scattered bokeh]]
[2019.03.28-09.47.27:357][  0]LogConfig: Setting CVar [[r.DOF.Recombine.Quality:1                ; cheap slight out of focus]]
[2019.03.28-09.47.27:357][  0]LogConfig: Setting CVar [[r.DOF.Recombine.EnableBokehSettings:0    ; no bokeh simulation on slight out of focus]]
[2019.03.28-09.47.27:357][  0]LogConfig: Setting CVar [[r.DOF.TemporalAAQuality:1                ; more stable temporal accumulation]]
[2019.03.28-09.47.27:357][  0]LogConfig: Setting CVar [[r.DOF.Kernel.MaxForegroundRadius:0.025]]
[2019.03.28-09.47.27:357][  0]LogConfig: Setting CVar [[r.DOF.Kernel.MaxBackgroundRadius:0.025]]
[2019.03.28-09.47.27:357][  0]LogConfig: Applying CVar settings from Section [TextureQuality@3] File [F:/Weapons/WeaponComponent/Saved/Config/Windows/Scalability.ini]
[2019.03.28-09.47.27:357][  0]LogConfig: Setting CVar [[r.Streaming.MipBias:0]]
[2019.03.28-09.47.27:357][  0]LogConfig: Setting CVar [[r.Streaming.AmortizeCPUToGPUCopy:0]]
[2019.03.28-09.47.27:357][  0]LogConfig: Setting CVar [[r.Streaming.MaxNumTexturesToStreamPerFrame:0]]
[2019.03.28-09.47.27:357][  0]LogConfig: Setting CVar [[r.Streaming.Boost:1]]
[2019.03.28-09.47.27:357][  0]LogConfig: Setting CVar [[r.MaxAnisotropy:8]]
[2019.03.28-09.47.27:357][  0]LogConfig: Setting CVar [[r.Streaming.LimitPoolSizeToVRAM:0]]
[2019.03.28-09.47.27:357][  0]LogConfig: Setting CVar [[r.Streaming.PoolSize:1000]]
[2019.03.28-09.47.27:357][  0]LogConfig: Setting CVar [[r.Streaming.MaxEffectiveScreenSize:0]]
[2019.03.28-09.47.27:357][  0]LogConfig: Applying CVar settings from Section [EffectsQuality@3] File [F:/Weapons/WeaponComponent/Saved/Config/Windows/Scalability.ini]
[2019.03.28-09.47.27:357][  0]LogConfig: Setting CVar [[r.TranslucencyLightingVolumeDim:64]]
[2019.03.28-09.47.27:357][  0]LogConfig: Setting CVar [[r.RefractionQuality:2]]
[2019.03.28-09.47.27:357][  0]LogConfig: Setting CVar [[r.SSR.Quality:3]]
[2019.03.28-09.47.27:357][  0]LogConfig: Setting CVar [[r.SceneColorFormat:4]]
[2019.03.28-09.47.27:357][  0]LogConfig: Setting CVar [[r.DetailMode:2]]
[2019.03.28-09.47.27:357][  0]LogConfig: Setting CVar [[r.TranslucencyVolumeBlur:1]]
[2019.03.28-09.47.27:357][  0]LogConfig: Setting CVar [[r.MaterialQualityLevel:1 ; High quality]]
[2019.03.28-09.47.27:357][  0]LogConfig: Setting CVar [[r.SSS.Scale:1]]
[2019.03.28-09.47.27:357][  0]LogConfig: Setting CVar [[r.SSS.SampleSet:2]]
[2019.03.28-09.47.27:357][  0]LogConfig: Setting CVar [[r.SSS.Quality:1]]
[2019.03.28-09.47.27:357][  0]LogConfig: Setting CVar [[r.SSS.HalfRes:1]]
[2019.03.28-09.47.27:357][  0]LogConfig: Setting CVar [[r.EmitterSpawnRateScale:1.0]]
[2019.03.28-09.47.27:357][  0]LogConfig: Setting CVar [[r.ParticleLightQuality:2]]
[2019.03.28-09.47.27:357][  0]LogConfig: Applying CVar settings from Section [FoliageQuality@3] File [F:/Weapons/WeaponComponent/Saved/Config/Windows/Scalability.ini]
[2019.03.28-09.47.27:357][  0]LogConfig: Setting CVar [[foliage.DensityScale:1.0]]
[2019.03.28-09.47.27:357][  0]LogConfig: Setting CVar [[grass.DensityScale:1.0]]
[2019.03.28-09.47.27:357][  0]LogInit: Selected Device Profile: [Windows]
[2019.03.28-09.47.27:357][  0]LogInit: Applying CVar settings loaded from the selected device profile: [Windows]
[2019.03.28-09.47.27:368][  0]LogHAL: Display: Platform has ~ 24 GB [25686355968 / 34359738368 / 24], which maps to Larger [LargestMinGB=32, LargerMinGB=12, DefaultMinGB=8, SmallerMinGB=6, SmallestMinGB=0)
[2019.03.28-09.47.27:368][  0]LogConfig: Setting CVar [[r.Vulkan.UseRealUBs:1]]
[2019.03.28-09.47.27:368][  0]LogInit: Going up to parent DeviceProfile []
[2019.03.28-09.47.27:368][  0]LogConfig: Applying CVar settings from Section [ViewDistanceQuality@3] File [F:/Weapons/WeaponComponent/Saved/Config/Windows/Scalability.ini]
[2019.03.28-09.47.27:368][  0]LogConfig: Setting CVar [[r.SkeletalMeshLODBias:0]]
[2019.03.28-09.47.27:368][  0]LogConfig: Setting CVar [[r.ViewDistanceScale:1.0]]
[2019.03.28-09.47.27:368][  0]LogConfig: Applying CVar settings from Section [AntiAliasingQuality@3] File [F:/Weapons/WeaponComponent/Saved/Config/Windows/Scalability.ini]
[2019.03.28-09.47.27:368][  0]LogConfig: Setting CVar [[r.PostProcessAAQuality:4]]
[2019.03.28-09.47.27:368][  0]LogConfig: Applying CVar settings from Section [ShadowQuality@3] File [F:/Weapons/WeaponComponent/Saved/Config/Windows/Scalability.ini]
[2019.03.28-09.47.27:368][  0]LogConfig: Setting CVar [[r.LightFunctionQuality:1]]
[2019.03.28-09.47.27:368][  0]LogConfig: Setting CVar [[r.ShadowQuality:5]]
[2019.03.28-09.47.27:368][  0]LogConfig: Setting CVar [[r.Shadow.CSM.MaxCascades:10]]
[2019.03.28-09.47.27:368][  0]LogConfig: Setting CVar [[r.Shadow.MaxResolution:2048]]
[2019.03.28-09.47.27:368][  0]LogConfig: Setting CVar [[r.Shadow.MaxCSMResolution:2048]]
[2019.03.28-09.47.27:368][  0]LogConfig: Setting CVar [[r.Shadow.RadiusThreshold:0.01]]
[2019.03.28-09.47.27:368][  0]LogConfig: Setting CVar [[r.Shadow.DistanceScale:1.0]]
[2019.03.28-09.47.27:368][  0]LogConfig: Setting CVar [[r.Shadow.CSM.TransitionScale:1.0]]
[2019.03.28-09.47.27:368][  0]LogConfig: Setting CVar [[r.Shadow.PreShadowResolutionFactor:1.0]]
[2019.03.28-09.47.27:368][  0]LogConfig: Setting CVar [[r.DistanceFieldShadowing:1]]
[2019.03.28-09.47.27:368][  0]LogConfig: Setting CVar [[r.DistanceFieldAO:1]]
[2019.03.28-09.47.27:368][  0]LogConfig: Setting CVar [[r.AOQuality:2]]
[2019.03.28-09.47.27:368][  0]LogConfig: Setting CVar [[r.VolumetricFog:1]]
[2019.03.28-09.47.27:368][  0]LogConfig: Setting CVar [[r.VolumetricFog.GridPixelSize:8]]
[2019.03.28-09.47.27:368][  0]LogConfig: Setting CVar [[r.VolumetricFog.GridSizeZ:128]]
[2019.03.28-09.47.27:368][  0]LogConfig: Setting CVar [[r.VolumetricFog.HistoryMissSupersampleCount:4]]
[2019.03.28-09.47.27:368][  0]LogConfig: Setting CVar [[r.LightMaxDrawDistanceScale:1]]
[2019.03.28-09.47.27:368][  0]LogConfig: Setting CVar [[r.CapsuleShadows:1]]
[2019.03.28-09.47.27:368][  0]LogConfig: Applying CVar settings from Section [PostProcessQuality@3] File [F:/Weapons/WeaponComponent/Saved/Config/Windows/Scalability.ini]
[2019.03.28-09.47.27:368][  0]LogConfig: Setting CVar [[r.MotionBlurQuality:4]]
[2019.03.28-09.47.27:368][  0]LogConfig: Setting CVar [[r.AmbientOcclusionMipLevelFactor:0.4]]
[2019.03.28-09.47.27:368][  0]LogConfig: Setting CVar [[r.AmbientOcclusionMaxQuality:100]]
[2019.03.28-09.47.27:368][  0]LogConfig: Setting CVar [[r.AmbientOcclusionLevels:-1]]
[2019.03.28-09.47.27:368][  0]LogConfig: Setting CVar [[r.AmbientOcclusionRadiusScale:1.0]]
[2019.03.28-09.47.27:368][  0]LogConfig: Setting CVar [[r.DepthOfFieldQuality:2]]
[2019.03.28-09.47.27:368][  0]LogConfig: Setting CVar [[r.RenderTargetPoolMin:400]]
[2019.03.28-09.47.27:368][  0]LogConfig: Setting CVar [[r.LensFlareQuality:2]]
[2019.03.28-09.47.27:368][  0]LogConfig: Setting CVar [[r.SceneColorFringeQuality:1]]
[2019.03.28-09.47.27:368][  0]LogConfig: Setting CVar [[r.EyeAdaptationQuality:2]]
[2019.03.28-09.47.27:368][  0]LogConfig: Setting CVar [[r.BloomQuality:5]]
[2019.03.28-09.47.27:368][  0]LogConfig: Setting CVar [[r.FastBlurThreshold:100]]
[2019.03.28-09.47.27:368][  0]LogConfig: Setting CVar [[r.Upscale.Quality:3]]
[2019.03.28-09.47.27:368][  0]LogConfig: Setting CVar [[r.Tonemapper.GrainQuantization:1]]
[2019.03.28-09.47.27:368][  0]LogConfig: Setting CVar [[r.LightShaftQuality:1]]
[2019.03.28-09.47.27:368][  0]LogConfig: Setting CVar [[r.Filter.SizeScale:1]]
[2019.03.28-09.47.27:368][  0]LogConfig: Setting CVar [[r.Tonemapper.Quality:5]]
[2019.03.28-09.47.27:368][  0]LogConfig: Setting CVar [[r.DOF.Gather.AccumulatorQuality:1        ; higher gathering accumulator quality]]
[2019.03.28-09.47.27:368][  0]LogConfig: Setting CVar [[r.DOF.Gather.PostfilterMethod:1          ; Median3x3 postfilering method]]
[2019.03.28-09.47.27:368][  0]LogConfig: Setting CVar [[r.DOF.Gather.EnableBokehSettings:0       ; no bokeh simulation when gathering]]
[2019.03.28-09.47.27:368][  0]LogConfig: Setting CVar [[r.DOF.Gather.RingCount:4                 ; medium number of samples when gathering]]
[2019.03.28-09.47.27:368][  0]LogConfig: Setting CVar [[r.DOF.Scatter.ForegroundCompositing:1    ; additive foreground scattering]]
[2019.03.28-09.47.27:368][  0]LogConfig: Setting CVar [[r.DOF.Scatter.BackgroundCompositing:2    ; additive background scattering]]
[2019.03.28-09.47.27:368][  0]LogConfig: Setting CVar [[r.DOF.Scatter.EnableBokehSettings:1      ; bokeh simulation when scattering]]
[2019.03.28-09.47.27:368][  0]LogConfig: Setting CVar [[r.DOF.Scatter.MaxSpriteRatio:0.1         ; only a maximum of 10% of scattered bokeh]]
[2019.03.28-09.47.27:368][  0]LogConfig: Setting CVar [[r.DOF.Recombine.Quality:1                ; cheap slight out of focus]]
[2019.03.28-09.47.27:368][  0]LogConfig: Setting CVar [[r.DOF.Recombine.EnableBokehSettings:0    ; no bokeh simulation on slight out of focus]]
[2019.03.28-09.47.27:368][  0]LogConfig: Setting CVar [[r.DOF.TemporalAAQuality:1                ; more stable temporal accumulation]]
[2019.03.28-09.47.27:368][  0]LogConfig: Setting CVar [[r.DOF.Kernel.MaxForegroundRadius:0.025]]
[2019.03.28-09.47.27:368][  0]LogConfig: Setting CVar [[r.DOF.Kernel.MaxBackgroundRadius:0.025]]
[2019.03.28-09.47.27:368][  0]LogConfig: Applying CVar settings from Section [TextureQuality@3] File [F:/Weapons/WeaponComponent/Saved/Config/Windows/Scalability.ini]
[2019.03.28-09.47.27:368][  0]LogConfig: Setting CVar [[r.Streaming.MipBias:0]]
[2019.03.28-09.47.27:368][  0]LogConfig: Setting CVar [[r.Streaming.AmortizeCPUToGPUCopy:0]]
[2019.03.28-09.47.27:368][  0]LogConfig: Setting CVar [[r.Streaming.MaxNumTexturesToStreamPerFrame:0]]
[2019.03.28-09.47.27:368][  0]LogConfig: Setting CVar [[r.Streaming.Boost:1]]
[2019.03.28-09.47.27:369][  0]LogConfig: Setting CVar [[r.MaxAnisotropy:8]]
[2019.03.28-09.47.27:369][  0]LogConfig: Setting CVar [[r.Streaming.LimitPoolSizeToVRAM:0]]
[2019.03.28-09.47.27:369][  0]LogConfig: Setting CVar [[r.Streaming.PoolSize:1000]]
[2019.03.28-09.47.27:369][  0]LogConfig: Setting CVar [[r.Streaming.MaxEffectiveScreenSize:0]]
[2019.03.28-09.47.27:369][  0]LogConfig: Applying CVar settings from Section [EffectsQuality@3] File [F:/Weapons/WeaponComponent/Saved/Config/Windows/Scalability.ini]
[2019.03.28-09.47.27:369][  0]LogConfig: Setting CVar [[r.TranslucencyLightingVolumeDim:64]]
[2019.03.28-09.47.27:369][  0]LogConfig: Setting CVar [[r.RefractionQuality:2]]
[2019.03.28-09.47.27:369][  0]LogConfig: Setting CVar [[r.SSR.Quality:3]]
[2019.03.28-09.47.27:369][  0]LogConfig: Setting CVar [[r.SceneColorFormat:4]]
[2019.03.28-09.47.27:369][  0]LogConfig: Setting CVar [[r.DetailMode:2]]
[2019.03.28-09.47.27:369][  0]LogConfig: Setting CVar [[r.TranslucencyVolumeBlur:1]]
[2019.03.28-09.47.27:369][  0]LogConfig: Setting CVar [[r.MaterialQualityLevel:1 ; High quality]]
[2019.03.28-09.47.27:369][  0]LogConfig: Setting CVar [[r.SSS.Scale:1]]
[2019.03.28-09.47.27:369][  0]LogConfig: Setting CVar [[r.SSS.SampleSet:2]]
[2019.03.28-09.47.27:369][  0]LogConfig: Setting CVar [[r.SSS.Quality:1]]
[2019.03.28-09.47.27:369][  0]LogConfig: Setting CVar [[r.SSS.HalfRes:1]]
[2019.03.28-09.47.27:369][  0]LogConfig: Setting CVar [[r.EmitterSpawnRateScale:1.0]]
[2019.03.28-09.47.27:369][  0]LogConfig: Setting CVar [[r.ParticleLightQuality:2]]
[2019.03.28-09.47.27:369][  0]LogConfig: Applying CVar settings from Section [FoliageQuality@3] File [F:/Weapons/WeaponComponent/Saved/Config/Windows/Scalability.ini]
[2019.03.28-09.47.27:369][  0]LogConfig: Setting CVar [[foliage.DensityScale:1.0]]
[2019.03.28-09.47.27:369][  0]LogConfig: Setting CVar [[grass.DensityScale:1.0]]
[2019.03.28-09.47.27:369][  0]LogConfig: Applying CVar settings from Section [Startup] File [../../../Engine/Config/ConsoleVariables.ini]
[2019.03.28-09.47.27:369][  0]LogConfig: Setting CVar [[net.UseAdaptiveNetUpdateFrequency:0]]
[2019.03.28-09.47.27:369][  0]LogConfig: Applying CVar settings from Section [ConsoleVariables] File [F:/Weapons/WeaponComponent/Saved/Config/Windows/Engine.ini]
[2019.03.28-09.47.27:369][  0]LogInit: Computer: DESKTOP-12J16O9
[2019.03.28-09.47.27:369][  0]LogInit: User: 13791
[2019.03.28-09.47.27:369][  0]LogInit: CPU Page size=4096, Cores=4
[2019.03.28-09.47.27:369][  0]LogInit: High frequency timer resolution =3.328127 MHz
[2019.03.28-09.47.27:369][  0]LogMemory: Memory total: Physical=23.9GB (24GB approx)
[2019.03.28-09.47.27:369][  0]LogMemory: Platform Memory Stats for Windows
[2019.03.28-09.47.27:370][  0]LogMemory: Process Physical Memory: 103.00 MB used, 103.00 MB peak
[2019.03.28-09.47.27:370][  0]LogMemory: Process Virtual Memory: 89.81 MB used, 89.81 MB peak
[2019.03.28-09.47.27:370][  0]LogMemory: Physical Memory: 9893.73 MB used,  14602.69 MB free, 24496.42 MB total
[2019.03.28-09.47.27:370][  0]LogMemory: Virtual Memory: 4651.70 MB used,  134213080.00 MB free, 134217728.00 MB total
[2019.03.28-09.47.27:388][  0]LogInit: Overriding language with editor language configuration option (en).
[2019.03.28-09.47.27:388][  0]LogInit: Overriding locale with editor locale configuration option (en).
[2019.03.28-09.47.27:758][  0]LogStreaming: Display: Took  0.370s to InitEngineTextLocalization.
[2019.03.28-09.47.27:758][  0]LogInit: Setting process to per monitor DPI aware
[2019.03.28-09.47.27:795][  0]LogSlate: New Slate User Created.  User Index 0, Is Virtual User: 0
[2019.03.28-09.47.27:795][  0]LogSlate: Slate User Registered.  User Index 0, Is Virtual User: 0
[2019.03.28-09.47.33:938][  0]LogHMD: Failed to initialize OpenVR with code 108
[2019.03.28-09.47.33:938][  0]LogD3D11RHI: D3D11 adapters:
[2019.03.28-09.47.34:141][  0]LogD3D11RHI:    0. 'NVIDIA GeForce GTX 1080' (Feature Level 11_0)
[2019.03.28-09.47.34:141][  0]LogD3D11RHI:       8079/0/12248 MB DedicatedVideo/DedicatedSystem/SharedSystem, Outputs:2, VendorId:0x10de
[2019.03.28-09.47.34:143][  0]LogD3D11RHI:    1. 'Microsoft Basic Render Driver' (Feature Level 11_0)
[2019.03.28-09.47.34:143][  0]LogD3D11RHI:       0/0/12248 MB DedicatedVideo/DedicatedSystem/SharedSystem, Outputs:0, VendorId:0x1414
[2019.03.28-09.47.34:143][  0]LogD3D11RHI: Chosen D3D11 Adapter: 0
[2019.03.28-09.47.34:155][  0]LogD3D11RHI: Creating new Direct3DDevice
[2019.03.28-09.47.34:155][  0]LogD3D11RHI:     GPU DeviceId: 0x1b80 (for the marketing name, search the web for "GPU Device Id")
[2019.03.28-09.47.34:155][  0]LogWindows: EnumDisplayDevices:
[2019.03.28-09.47.34:155][  0]LogWindows:    0. 'NVIDIA GeForce GTX 1080' (P:1 D:1)
[2019.03.28-09.47.34:155][  0]LogWindows:    1. 'NVIDIA GeForce GTX 1080' (P:0 D:1)
[2019.03.28-09.47.34:155][  0]LogWindows:    2. 'NVIDIA GeForce GTX 1080' (P:0 D:0)
[2019.03.28-09.47.34:155][  0]LogWindows:    3. 'NVIDIA GeForce GTX 1080' (P:0 D:0)
[2019.03.28-09.47.34:156][  0]LogWindows: DebugString: FoundDriverCount:4 
[2019.03.28-09.47.34:156][  0]LogD3D11RHI:     Adapter Name: NVIDIA GeForce GTX 1080
[2019.03.28-09.47.34:156][  0]LogD3D11RHI:   Driver Version: 399.24 (internal:24.21.13.9924, unified:399.24)
[2019.03.28-09.47.34:156][  0]LogD3D11RHI:      Driver Date: 9-5-2018
[2019.03.28-09.47.34:156][  0]LogRHI: Texture pool is 5655 MB (70% of 8079 MB)
[2019.03.28-09.47.34:219][  0]LogD3D11RHI: Async texture creation enabled
[2019.03.28-09.47.34:235][  0]LogD3D11RHI: GPU Timing Frequency: 1000.000000 (Debug: 2 2)
[2019.03.28-09.47.34:632][  0]LogTemp: Display: Loaded TP AllDesktopTargetPlatform
[2019.03.28-09.47.34:647][  0]LogTemp: Display: Loaded TP MacClientTargetPlatform
[2019.03.28-09.47.34:659][  0]LogTemp: Display: Loaded TP MacNoEditorTargetPlatform
[2019.03.28-09.47.34:674][  0]LogTemp: Display: Loaded TP MacServerTargetPlatform
[2019.03.28-09.47.34:687][  0]LogTemp: Display: Loaded TP MacTargetPlatform
[2019.03.28-09.47.34:701][  0]LogTemp: Display: Loaded TP WindowsClientTargetPlatform
[2019.03.28-09.47.34:714][  0]LogTemp: Display: Loaded TP WindowsNoEditorTargetPlatform
[2019.03.28-09.47.34:727][  0]LogTemp: Display: Loaded TP WindowsServerTargetPlatform
[2019.03.28-09.47.34:734][  0]LogTemp: Display: Loaded TP WindowsTargetPlatform
[2019.03.28-09.47.34:802][  0]LogTemp: Display: Loaded TP AndroidTargetPlatform
[2019.03.28-09.47.34:802][  0]LogTemp: Display: Loaded TP AndroidTargetPlatform
[2019.03.28-09.47.34:802][  0]LogTemp: Display: Loaded TP AndroidTargetPlatform
[2019.03.28-09.47.34:802][  0]LogTemp: Display: Loaded TP AndroidTargetPlatform
[2019.03.28-09.47.34:802][  0]LogTemp: Display: Loaded TP AndroidTargetPlatform
[2019.03.28-09.47.34:802][  0]LogTemp: Display: Loaded TP AndroidTargetPlatform
[2019.03.28-09.47.34:802][  0]LogTemp: Display: Loaded TP AndroidTargetPlatform
[2019.03.28-09.47.34:802][  0]LogTemp: Display: Loaded TP AndroidTargetPlatform
[2019.03.28-09.47.34:802][  0]LogTemp: Display: Loaded TP AndroidTargetPlatform
[2019.03.28-09.47.34:802][  0]LogTemp: Display: Loaded TP AndroidTargetPlatform
[2019.03.28-09.47.34:802][  0]LogTemp: Display: Loaded TP AndroidTargetPlatform
[2019.03.28-09.47.34:802][  0]LogTemp: Display: Loaded TP AndroidTargetPlatform
[2019.03.28-09.47.34:802][  0]LogTemp: Display: Loaded TP AndroidTargetPlatform
[2019.03.28-09.47.34:802][  0]LogTemp: Display: Loaded TP AndroidTargetPlatform
[2019.03.28-09.47.34:802][  0]LogTemp: Display: Loaded TP AndroidTargetPlatform
[2019.03.28-09.47.34:802][  0]LogTemp: Display: Loaded TP AndroidTargetPlatform
[2019.03.28-09.47.34:802][  0]LogTemp: Display: Loaded TP AndroidTargetPlatform
[2019.03.28-09.47.34:802][  0]LogTemp: Display: Loaded TP AndroidTargetPlatform
[2019.03.28-09.47.34:803][  0]LogTemp: Display: Loaded TP HTML5TargetPlatform
[2019.03.28-09.47.34:864][  0]LogTemp: Display: Loaded TP IOSTargetPlatform
[2019.03.28-09.47.34:864][  0]LogTemp: Display: Loaded TP IOSTargetPlatform
[2019.03.28-09.47.34:888][  0]LogTemp: Display: Loaded TP TVOSTargetPlatform
[2019.03.28-09.47.34:888][  0]LogTemp: Display: Loaded TP TVOSTargetPlatform
[2019.03.28-09.47.34:901][  0]LogTemp: Display: Loaded TP LinuxClientTargetPlatform
[2019.03.28-09.47.34:912][  0]LogTemp: Display: Loaded TP LinuxNoEditorTargetPlatform
[2019.03.28-09.47.34:924][  0]LogTemp: Display: Loaded TP LinuxServerTargetPlatform
[2019.03.28-09.47.34:936][  0]LogTemp: Display: Loaded TP LinuxTargetPlatform
[2019.03.28-09.47.34:979][  0]LogTemp: Display: Loaded TP LuminTargetPlatform
[2019.03.28-09.47.34:979][  0]LogTemp: Display: Loaded TP LuminTargetPlatform
[2019.03.28-09.47.34:979][  0]LogTargetPlatformManager: Display: Building Assets For Windows
[2019.03.28-09.47.35:043][  0]LogShaderCompilers: Guid format shader working directory is 19 characters bigger than the processId version (F:/Weapons/WeaponComponent/Intermediate/Shaders/WorkingDirectory/49912/).
[2019.03.28-09.47.35:043][  0]LogShaderCompilers: Cleaned the shader compiler working directory 'C:/Users/13791/AppData/Local/Temp/UnrealShaderWorkingDir/27157BBD4F1D753A038A89946B945EAD/'.
[2019.03.28-09.47.35:046][  0]LogXGEController: Cleaning working directory: C:/Users/13791/AppData/Local/Temp/UnrealXGEWorkingDir/
[2019.03.28-09.47.35:059][  0]LogShaderCompilers: Display: Using XGE Shader Compiler (Interception Interface).
[2019.03.28-09.47.35:612][  0]LogDerivedDataCache: Display: Max Cache Size: 512 MB
[2019.03.28-09.47.35:681][  0]LogDerivedDataCache: Loaded boot cache 0.07s 87MB C:/Users/13791/AppData/Local/UnrealEngine/4.21/DerivedDataCache/Boot.ddc.
[2019.03.28-09.47.35:681][  0]LogDerivedDataCache: Display: Loaded Boot cache: C:/Users/13791/AppData/Local/UnrealEngine/4.21/DerivedDataCache/Boot.ddc
[2019.03.28-09.47.35:681][  0]LogDerivedDataCache: FDerivedDataBackendGraph:  Pak pak cache file F:/Weapons/WeaponComponent/DerivedDataCache/DDC.ddp not found, will not use a pak cache.
[2019.03.28-09.47.35:681][  0]LogDerivedDataCache: Unable to find inner node Pak for hierarchical cache Hierarchy.
[2019.03.28-09.47.35:681][  0]LogDerivedDataCache: FDerivedDataBackendGraph:  CompressedPak pak cache file F:/Weapons/WeaponComponent/DerivedDataCache/Compressed.ddp not found, will not use a pak cache.
[2019.03.28-09.47.35:681][  0]LogDerivedDataCache: Unable to find inner node CompressedPak for hierarchical cache Hierarchy.
[2019.03.28-09.47.35:697][  0]LogDerivedDataCache: Display: Pak cache opened for reading ../../../Engine/DerivedDataCache/Compressed.ddp.
[2019.03.28-09.47.35:701][  0]LogDerivedDataCache: Display: Pak cache opened for reading ../../../Enterprise/DerivedDataCache/Compressed.ddp.
[2019.03.28-09.47.35:713][  0]LogDerivedDataCache: Using Local data cache path C:/Users/13791/AppData/Local/UnrealEngine/Common/DerivedDataCache: Writable
[2019.03.28-09.47.35:713][  0]LogDerivedDataCache: Shared data cache path not found in *engine.ini, will not use an Shared cache.
[2019.03.28-09.47.35:713][  0]LogDerivedDataCache: Unable to find inner node Shared for hierarchical cache Hierarchy.
[2019.03.28-09.47.35:740][  0]LogMaterial: Verifying Global Shaders for PCD3D_SM5
[2019.03.28-09.47.35:741][  0]LogSlate: Using FreeType 2.6.0
[2019.03.28-09.47.35:742][  0]LogSlate: SlateFontServices - WITH_FREETYPE: 1, WITH_HARFBUZZ: 1
[2019.03.28-09.47.35:825][  0]LogAssetRegistry: FAssetRegistry took 0.0327 seconds to start up
[2019.03.28-09.47.36:150][  0]LogInit: Selected Device Profile: [Windows]
[2019.03.28-09.47.36:340][  0]LogSimplygon: Simplygon DLL not present - disabling.
[2019.03.28-09.47.36:344][  0]LogMeshReduction: Using SimplygonSwarm for distributed automatic mesh merging
[2019.03.28-09.47.36:344][  0]LogMeshReduction: Using ProxyLODMeshReduction for automatic mesh merging
[2019.03.28-09.47.36:344][  0]LogMeshReduction: Using QuadricMeshReduction for automatic static mesh reduction
[2019.03.28-09.47.36:344][  0]LogMeshReduction: No automatic skeletal mesh reduction module available
[2019.03.28-09.47.36:364][  0]LogNetVersion: WeaponComponent 1.0.0, NetCL: 4541578, EngineNetVer: 5, GameNetVer: 0 (Checksum: 762042799)
[2019.03.28-09.47.37:024][  0]LogPackageLocalizationCache: Processed 11 localized package path(s) for 1 prioritized culture(s) in 0.042876 seconds
[2019.03.28-09.47.37:030][  0]LogUObjectArray: 39795 objects as part of root set at end of initial load.
[2019.03.28-09.47.37:030][  0]LogUObjectAllocator: 6916264 out of 0 bytes used by permanent object pool.
[2019.03.28-09.47.37:030][  0]LogUObjectArray: CloseDisregardForGC: 0/0 objects in disregard for GC pool
[2019.03.28-09.47.37:919][  0]LogTcpMessaging: Initializing TcpMessaging bridge
[2019.03.28-09.47.37:933][  0]LogUdpMessaging: Initializing bridge on interface 0.0.0.0:0 to multicast group 230.0.0.1:6666.
[2019.03.28-09.47.38:780][  0]SourceControl: Source control is disabled
[2019.03.28-09.47.38:781][  0]SourceControl: Source control is disabled
[2019.03.28-09.47.38:782][  0]SourceControl: Source control is disabled
[2019.03.28-09.47.38:783][  0]SourceControl: Source control is disabled
[2019.03.28-09.47.38:947][  0]LogAndroidPermission: UAndroidPermissionCallbackProxy::GetInstance
[2019.03.28-09.47.39:041][  0]LogOcInput: OculusInput pre-init called
[2019.03.28-09.47.39:175][  0]LogEngine: Initializing Engine...
[2019.03.28-09.47.39:235][  0]LogHMD: Failed to initialize OpenVR with code 108
[2019.03.28-09.47.39:236][  0]LogStats: UGameplayTagsManager::ConstructGameplayTagTree: ImportINI prefixes -  0.000 s
[2019.03.28-09.47.39:236][  0]LogStats: UGameplayTagsManager::ConstructGameplayTagTree: Construct from data asset -  0.000 s
[2019.03.28-09.47.39:236][  0]LogStats: UGameplayTagsManager::ConstructGameplayTagTree: ImportINI -  0.000 s
[2019.03.28-09.47.39:236][  0]LogStats: UGameplayTagsManager::ConstructGameplayTagTree: GameplayTagTreeChangedEvent.Broadcast -  0.000 s
[2019.03.28-09.47.39:466][  0]LogInit: Initializing FReadOnlyCVARCache
[2019.03.28-09.47.39:481][  0]LogAIModule: Creating AISystem for world Untitled
[2019.03.28-09.47.39:554][  0]LogInit: XAudio2 using '扬声器 (Realtek High Definition Audio)' : 2 channels at 48 kHz using 32 bits per sample (channel mask 0x3)
[2019.03.28-09.47.39:659][  0]LogInit: FAudioDevice initialized.
[2019.03.28-09.47.39:660][  0]LogNetVersion: Set ProjectVersion to 1.0.0.0. Version Checksum will be recalculated on next use.
[2019.03.28-09.47.39:810][  0]LogDerivedDataCache: Saved boot cache 0.15s 87MB C:/Users/13791/AppData/Local/UnrealEngine/4.21/DerivedDataCache/Boot.ddc.
[2019.03.28-09.47.39:824][  0]LogInit: Texture streaming: Enabled
[2019.03.28-09.47.39:845][  0]LogEngineSessionManager: EngineSessionManager initialized
[2019.03.28-09.47.39:865][  0]LogInit: Transaction tracking system initialized
[2019.03.28-09.47.39:892][  0]BlueprintLog: New page: Editor Load
[2019.03.28-09.47.39:975][  0]LocalizationService: Localization service is disabled
[2019.03.28-09.47.40:435][  0]LogFileCache: Scanning file cache for directory 'F:/Weapons/WeaponComponent/Content/' took 0.01s
[2019.03.28-09.47.40:435][  0]LogCook: Display: Max memory allowance for cook 16384mb min free memory 0mb
[2019.03.28-09.47.40:435][  0]LogCook: Display: Mobile HDR setting 1
[2019.03.28-09.47.40:435][  0]LogGameplayTags: Display: UGameplayTagsManager::DoneAddingNativeTags. DelegateIsBound: 0
[2019.03.28-09.47.40:435][  0]LogStats: UGameplayTagsManager::ConstructGameplayTagTree: ImportINI prefixes -  0.000 s
[2019.03.28-09.47.40:435][  0]LogStats: UGameplayTagsManager::ConstructGameplayTagTree: Construct from data asset -  0.000 s
[2019.03.28-09.47.40:435][  0]LogStats: UGameplayTagsManager::ConstructGameplayTagTree: ImportINI -  0.000 s
[2019.03.28-09.47.40:435][  0]LogStats: UGameplayTagsManager::ConstructGameplayTagTree: GameplayTagTreeChangedEvent.Broadcast -  0.000 s
[2019.03.28-09.47.40:574][  0]SourceControl: Source control is disabled
[2019.03.28-09.47.40:574][  0]Cmd: MAP LOAD FILE="F:/Weapons/WeaponComponent/Content/WeaponComponent/UnnecessaryContent/Map/ThirdPersonExampleMap.umap" TEMPLATE=0 SHOWPROGRESS=1 FEATURELEVEL=3
[2019.03.28-09.47.40:574][  0]LightingResults: New page: Lighting Build
[2019.03.28-09.47.40:578][  0]MapCheck: New page: Map Check
[2019.03.28-09.47.40:578][  0]LightingResults: New page: Lighting Build
[2019.03.28-09.47.40:865][  0]LogLinker: Can't find file '/Game/WeaponComponent/SampleWeapons/WeaponImages/WeaponImage3_EG'
[2019.03.28-09.47.40:865][  0]LogLinker: Can't find file '/Game/WeaponComponent/SampleWeapons/WeaponImages/WeaponImage3_EG'
[2019.03.28-09.47.40:865][  0]LogLinker: Can't find file '/Game/WeaponComponent/SampleWeapons/FPWeapon/Mesh/SK_FPGun'
[2019.03.28-09.47.40:865][  0]LogLinker: Can't find file '/Game/WeaponComponent/SampleWeapons/FPWeapon/Mesh/SK_FPGun'
[2019.03.28-09.47.40:865][  0]LogLinker: Can't find file '/Game/WeaponComponent/SampleWeapons/Crosshairs/T_FPCrosshair'
[2019.03.28-09.47.40:866][  0]LogLinker: Can't find file '/Game/WeaponComponent/SampleWeapons/Crosshairs/T_FPCrosshair'
[2019.03.28-09.47.40:866][  0]LogLinker: Can't find file '/Game/WeaponComponent/SampleWeapons/Effects/ParticleSystems/Weapons/RocketLauncher/Muzzle/P_Launcher_MF'
[2019.03.28-09.47.40:866][  0]LogLinker: Can't find file '/Game/WeaponComponent/SampleWeapons/Effects/ParticleSystems/Weapons/RocketLauncher/Muzzle/P_Launcher_MF'
[2019.03.28-09.47.40:866][  0]LogLinker: Can't find file '/Game/WeaponComponent/SampleWeapons/Audio/FirstPersonTemplateWeaponFire02'
[2019.03.28-09.47.40:867][  0]LogLinker: Can't find file '/Game/WeaponComponent/SampleWeapons/Audio/FirstPersonTemplateWeaponFire02'
[2019.03.28-09.47.40:867][  0]LogLinker: Can't find file '/Game/ThirdPerson/AnimStarterPack/Montages/AM_ReloadRifle'
[2019.03.28-09.47.40:867][  0]LogLinker: Can't find file '/Game/ThirdPerson/AnimStarterPack/Montages/AM_ReloadRifle'
[2019.03.28-09.47.40:867][  0]LogLinker: Can't find file '/Game/ThirdPerson/AnimStarterPack/Montages/AM_EquipRifle'
[2019.03.28-09.47.40:867][  0]LogLinker: Can't find file '/Game/ThirdPerson/AnimStarterPack/Montages/AM_EquipRifle'
[2019.03.28-09.47.40:867][  0]LogLinker: Can't find file '/Game/ThirdPerson/AnimStarterPack/Montages/AM_UnEquipRifle'
[2019.03.28-09.47.40:867][  0]LogLinker: Can't find file '/Game/ThirdPerson/AnimStarterPack/Montages/AM_UnEquipRifle'
[2019.03.28-09.47.42:106][  0]LogMaterial: Display: Missing cached shader map for material M_Camouflage, compiling. 
[2019.03.28-09.47.42:827][  0]LogMaterial: Display: Missing cached shader map for material MagGun, compiling. 
[2019.03.28-09.47.43:166][  0]LogMaterial: Display: Missing cached shader map for material CubeMaterial, compiling. 
[2019.03.28-09.47.43:224][  0]LogMaterial: Display: Missing cached shader map for material RampMaterial, compiling. 
[2019.03.28-09.47.43:264][  0]LogAIModule: Creating AISystem for world ThirdPersonExampleMap
[2019.03.28-09.47.43:312][  0]LogEditorServer: Finished looking for orphan Actors (0.000 secs)
[2019.03.28-09.47.43:353][  0]Cmd: MAP CHECKDEP NOCLEARLOG
[2019.03.28-09.47.43:354][  0]MapCheck: Map check complete: 0 Error(s), 0 Warning(s), took 0.172ms to complete.
[2019.03.28-09.47.43:354][  0]LogFileHelpers: Loading map 'ThirdPersonExampleMap' took 2.780
[2019.03.28-09.47.43:446][  0]LogSlate: Updating window title bar state: overlay mode, drag disabled, window buttons hidden, title bar hidden
[2019.03.28-09.47.43:454][  0]LogSlate: Updating window title bar state: overlay mode, drag disabled, window buttons hidden, title bar hidden
[2019.03.28-09.47.43:463][  0]LogSlate: Updating window title bar state: overlay mode, drag disabled, window buttons hidden, title bar hidden
[2019.03.28-09.47.43:470][  0]LogSlate: Updating window title bar state: overlay mode, drag disabled, window buttons hidden, title bar hidden
[2019.03.28-09.47.43:481][  0]LogCollectionManager: Loaded 0 collections in 0.002833 seconds
[2019.03.28-09.47.43:510][  0]LogFileCache: Scanning file cache for directory 'F:/Weapons/WeaponComponent/Saved/Collections/' took 0.01s
[2019.03.28-09.47.43:510][  0]LogFileCache: Scanning file cache for directory 'F:/Weapons/WeaponComponent/Content/Developers/13791/Collections/' took 0.00s
[2019.03.28-09.47.43:510][  0]LogFileCache: Scanning file cache for directory 'F:/Weapons/WeaponComponent/Content/Collections/' took 0.01s
[2019.03.28-09.47.43:511][  0]LogCollectionManager: Rebuilt the GUID cache for 0 collections in 0.000000 seconds
[2019.03.28-09.47.43:521][  0]LogContentBrowser: Native class hierarchy populated in 0.0098 seconds. Added 2651 classes and 620 folders.
[2019.03.28-09.47.43:530][  0]LogContentBrowser: Native class hierarchy updated for 'WidgetCarousel' in 0.0003 seconds. Added 0 classes and 0 folders.
[2019.03.28-09.47.43:533][  0]LogPakFile: Registered encryption key '00000000000000000000000000000000': 0 pak files mounted, 0 remain pending
[2019.03.28-09.47.43:534][  0]LogPakFile: Registered encryption key '00000000000000000000000000000000': 0 pak files mounted, 0 remain pending
[2019.03.28-09.47.43:534][  0]LogPakFile: Registered encryption key '00000000000000000000000000000000': 0 pak files mounted, 0 remain pending
[2019.03.28-09.47.43:535][  0]LogPakFile: Registered encryption key '00000000000000000000000000000000': 0 pak files mounted, 0 remain pending
[2019.03.28-09.47.43:536][  0]LogPakFile: Registered encryption key '00000000000000000000000000000000': 0 pak files mounted, 0 remain pending
[2019.03.28-09.47.43:536][  0]LogPakFile: Registered encryption key '00000000000000000000000000000000': 0 pak files mounted, 0 remain pending
[2019.03.28-09.47.43:537][  0]LogPakFile: Registered encryption key '00000000000000000000000000000000': 0 pak files mounted, 0 remain pending
[2019.03.28-09.47.43:538][  0]LogPakFile: Registered encryption key '00000000000000000000000000000000': 0 pak files mounted, 0 remain pending
[2019.03.28-09.47.43:538][  0]LogPakFile: Registered encryption key '00000000000000000000000000000000': 0 pak files mounted, 0 remain pending
[2019.03.28-09.47.43:539][  0]LogPakFile: Registered encryption key '00000000000000000000000000000000': 0 pak files mounted, 0 remain pending
[2019.03.28-09.47.43:540][  0]LogPakFile: Registered encryption key '00000000000000000000000000000000': 0 pak files mounted, 0 remain pending
[2019.03.28-09.47.43:540][  0]LogPakFile: Registered encryption key '00000000000000000000000000000000': 0 pak files mounted, 0 remain pending
[2019.03.28-09.47.43:541][  0]LogPakFile: Registered encryption key '00000000000000000000000000000000': 0 pak files mounted, 0 remain pending
[2019.03.28-09.47.43:542][  0]LogPakFile: Registered encryption key '00000000000000000000000000000000': 0 pak files mounted, 0 remain pending
[2019.03.28-09.47.43:542][  0]LogPakFile: Registered encryption key '00000000000000000000000000000000': 0 pak files mounted, 0 remain pending
[2019.03.28-09.47.43:543][  0]LogPakFile: Registered encryption key '00000000000000000000000000000000': 0 pak files mounted, 0 remain pending
[2019.03.28-09.47.43:543][  0]LogPakFile: Registered encryption key '00000000000000000000000000000000': 0 pak files mounted, 0 remain pending
[2019.03.28-09.47.43:544][  0]LogPakFile: Registered encryption key '00000000000000000000000000000000': 0 pak files mounted, 0 remain pending
[2019.03.28-09.47.43:545][  0]LogPakFile: Registered encryption key '00000000000000000000000000000000': 0 pak files mounted, 0 remain pending
[2019.03.28-09.47.43:545][  0]LogPakFile: Registered encryption key '00000000000000000000000000000000': 0 pak files mounted, 0 remain pending
[2019.03.28-09.47.43:546][  0]LogPakFile: Registered encryption key '00000000000000000000000000000000': 0 pak files mounted, 0 remain pending
[2019.03.28-09.47.43:547][  0]LogPakFile: Registered encryption key '00000000000000000000000000000000': 0 pak files mounted, 0 remain pending
[2019.03.28-09.47.43:548][  0]LogPakFile: Registered encryption key '00000000000000000000000000000000': 0 pak files mounted, 0 remain pending
[2019.03.28-09.47.43:548][  0]LogPakFile: Registered encryption key '00000000000000000000000000000000': 0 pak files mounted, 0 remain pending
[2019.03.28-09.47.43:548][  0]LogPakFile: Registered encryption key '00000000000000000000000000000000': 0 pak files mounted, 0 remain pending
[2019.03.28-09.47.43:549][  0]LogPakFile: Registered encryption key '00000000000000000000000000000000': 0 pak files mounted, 0 remain pending
[2019.03.28-09.47.43:549][  0]LogPakFile: Registered encryption key '00000000000000000000000000000000': 0 pak files mounted, 0 remain pending
[2019.03.28-09.47.43:550][  0]LogPakFile: Registered encryption key '00000000000000000000000000000000': 0 pak files mounted, 0 remain pending
[2019.03.28-09.47.43:604][  0]LogContentBrowser: Native class hierarchy updated for 'AddContentDialog' in 0.0003 seconds. Added 0 classes and 0 folders.
[2019.03.28-09.47.43:610][  0]LogContentBrowser: Native class hierarchy updated for 'SceneOutliner' in 0.0004 seconds. Added 1 classes and 2 folders.
[2019.03.28-09.47.45:229][  0]LogSlate: Only BGRA pngs, bmps or icos are supported in by External Image Picker
[2019.03.28-09.47.45:256][  0]LogSlate: Took 0.000219 seconds to synchronously load lazily loaded font '../../../Engine/Content/Slate/Fonts/Roboto-Regular.ttf' (155K)
[2019.03.28-09.47.45:259][  0]LogSlate: Took 0.000173 seconds to synchronously load lazily loaded font '../../../Engine/Content/Slate/Fonts/Roboto-Bold.ttf' (160K)
[2019.03.28-09.47.45:267][  0]LogSlate: Took 0.000225 seconds to synchronously load lazily loaded font '../../../Engine/Content/Editor/Slate/Fonts/FontAwesome.ttf' (139K)
[2019.03.28-09.47.45:387][  0]LogTemp: Executing iPhonePackager certificates Engine -bundlename com.YourCompany.WeaponComponent
[2019.03.28-09.47.45:387][  0]LogTemp: CWD: C:\Program Files\Epic Games\UE_4.21\Engine\Binaries\DotNET\IOS
[2019.03.28-09.47.45:387][  0]LogTemp: Initial Dir: C:\Program Files\Epic Games\UE_4.21
[2019.03.28-09.47.45:387][  0]LogTemp: Env CWD: C:\Program Files\Epic Games\UE_4.21\Engine\Binaries\DotNET\IOS
[2019.03.28-09.47.45:387][  0]LogTemp: BranchPath = DESKTOP-12J16O9/C/Program Files/Epic Games/UE_4.21/Engine/Binaries --- GameBranchPath = DESKTOP-12J16O9/C/Program Files/Epic Games/UE_4.21/Engine/Binaries
[2019.03.28-09.47.45:387][  0]LogTemp: IPP ERROR: Could not find provision directory 'C:\Users\13791\AppData\Local/Apple Computer/MobileDevice/Provisioning Profiles/'.
[2019.03.28-09.47.45:387][  0]LogRenderer: Reallocating scene render targets to support 1312x552 Format 10 NumSamples 1 (Frame:1).
[2019.03.28-09.47.45:515][  0]LogContentBrowser: Native class hierarchy updated for 'HierarchicalLODOutliner' in 0.0002 seconds. Added 0 classes and 0 folders.
[2019.03.28-09.47.45:515][  0]LogLoad: (Engine Initialization) Total time: 20.12 seconds
[2019.03.28-09.47.45:516][  0]LogLoad: (Engine Initialization) Total Blueprint compile time: 0.00 seconds
[2019.03.28-09.47.45:597][  0]LogContentStreaming: Texture pool size now 1000 MB
[2019.03.28-09.47.45:616][  0]LogSlate: Took 0.000167 seconds to synchronously load lazily loaded font '../../../Engine/Content/Slate/Fonts/Roboto-Light.ttf' (167K)
[2019.03.28-09.47.45:753][  1]LogMaterial: Display: Missing cached shader map for material M_UE4Man_Body, compiling. 
[2019.03.28-09.47.45:818][  1]LogMaterial: Display: Missing cached shader map for material M_UE4Man_Body, compiling. 
[2019.03.28-09.47.46:564][  7]LogAssetRegistry: Asset discovery search completed in 10.7610 seconds
[2019.03.28-09.47.46:565][  7]LogCollectionManager: Rebuilt the object cache for 0 collections in 0.000000 seconds (found 0 objects)
[2019.03.28-09.47.46:565][  7]LogCollectionManager: Fixed up redirectors for 0 collections in 0.000138 seconds (updated 0 objects)
[2019.03.28-09.47.46:790][  8]LogSlate: Took 0.000149 seconds to synchronously load lazily loaded font '../../../Engine/Content/Slate/Fonts/Roboto-Light.ttf' (167K)
